<?xml version="1.0" encoding="UTF-8"?>
<coverage generated="1614335079619" clover="3.2.0">
  <project timestamp="1614335079619" name="All files">
    <metrics statements="68" coveredstatements="31" conditionals="38" coveredconditionals="7" methods="20" coveredmethods="14" elements="126" coveredelements="52" complexity="0" loc="68" ncloc="68" packages="6" files="16" classes="16"/>
    <package name="mock">
      <metrics statements="7" coveredstatements="1" conditionals="0" coveredconditionals="0" methods="2" coveredmethods="1"/>
      <file name="index.ts" path="/Users/marziehbahri/Documents/personal/webProjects/addressbook/mock/index.ts">
        <metrics statements="7" coveredstatements="1" conditionals="0" coveredconditionals="0" methods="2" coveredmethods="1"/>
        <line num="7" count="0" type="stmt"/>
        <line num="8" count="0" type="stmt"/>
        <line num="9" count="0" type="stmt"/>
        <line num="11" count="0" type="stmt"/>
        <line num="23" count="0" type="stmt"/>
        <line num="24" count="0" type="stmt"/>
        <line num="28" count="3" type="stmt"/>
      </file>
    </package>
    <package name="src.ts.store">
      <metrics statements="0" coveredstatements="0" conditionals="0" coveredconditionals="0" methods="0" coveredmethods="0"/>
      <file name="enums.ts" path="/Users/marziehbahri/Documents/personal/webProjects/addressbook/src/ts/store/enums.ts">
        <metrics statements="0" coveredstatements="0" conditionals="0" coveredconditionals="0" methods="0" coveredmethods="0"/>
      </file>
    </package>
    <package name="src.ts.store.actions">
      <metrics statements="6" coveredstatements="6" conditionals="0" coveredconditionals="0" methods="6" coveredmethods="6"/>
      <file name="emptyUsersListAction.ts" path="/Users/marziehbahri/Documents/personal/webProjects/addressbook/src/ts/store/actions/emptyUsersListAction.ts">
        <metrics statements="1" coveredstatements="1" conditionals="0" coveredconditionals="0" methods="1" coveredmethods="1"/>
        <line num="4" count="2" type="stmt"/>
      </file>
      <file name="findUserAction.ts" path="/Users/marziehbahri/Documents/personal/webProjects/addressbook/src/ts/store/actions/findUserAction.ts">
        <metrics statements="1" coveredstatements="1" conditionals="0" coveredconditionals="0" methods="1" coveredmethods="1"/>
        <line num="4" count="2" type="stmt"/>
      </file>
      <file name="getUsersAction.ts" path="/Users/marziehbahri/Documents/personal/webProjects/addressbook/src/ts/store/actions/getUsersAction.ts">
        <metrics statements="1" coveredstatements="1" conditionals="0" coveredconditionals="0" methods="1" coveredmethods="1"/>
        <line num="4" count="1" type="stmt"/>
      </file>
      <file name="resetListAction.ts" path="/Users/marziehbahri/Documents/personal/webProjects/addressbook/src/ts/store/actions/resetListAction.ts">
        <metrics statements="1" coveredstatements="1" conditionals="0" coveredconditionals="0" methods="1" coveredmethods="1"/>
        <line num="4" count="2" type="stmt"/>
      </file>
      <file name="setNationalityAction.ts" path="/Users/marziehbahri/Documents/personal/webProjects/addressbook/src/ts/store/actions/setNationalityAction.ts">
        <metrics statements="1" coveredstatements="1" conditionals="0" coveredconditionals="0" methods="1" coveredmethods="1"/>
        <line num="4" count="2" type="stmt"/>
      </file>
      <file name="usersReceivedAction.ts" path="/Users/marziehbahri/Documents/personal/webProjects/addressbook/src/ts/store/actions/usersReceivedAction.ts">
        <metrics statements="1" coveredstatements="1" conditionals="0" coveredconditionals="0" methods="1" coveredmethods="1"/>
        <line num="4" count="3" type="stmt"/>
      </file>
    </package>
    <package name="src.ts.store.reducers">
      <metrics statements="19" coveredstatements="15" conditionals="18" coveredconditionals="6" methods="5" coveredmethods="5"/>
      <file name="loadingReducer.ts" path="/Users/marziehbahri/Documents/personal/webProjects/addressbook/src/ts/store/reducers/loadingReducer.ts">
        <metrics statements="1" coveredstatements="1" conditionals="1" coveredconditionals="0" methods="1" coveredmethods="1"/>
        <line num="4" count="1" type="stmt"/>
      </file>
      <file name="nationalityReducer.ts" path="/Users/marziehbahri/Documents/personal/webProjects/addressbook/src/ts/store/reducers/nationalityReducer.ts">
        <metrics statements="3" coveredstatements="2" conditionals="5" coveredconditionals="1" methods="1" coveredmethods="1"/>
        <line num="7" count="1" type="cond" truecount="1" falsecount="1"/>
        <line num="8" count="1" type="stmt"/>
        <line num="10" count="0" type="stmt"/>
      </file>
      <file name="paginationReducer.ts" path="/Users/marziehbahri/Documents/personal/webProjects/addressbook/src/ts/store/reducers/paginationReducer.ts">
        <metrics statements="5" coveredstatements="4" conditionals="5" coveredconditionals="2" methods="1" coveredmethods="1"/>
        <line num="3" count="1" type="stmt"/>
        <line num="12" count="1" type="cond" truecount="1" falsecount="1"/>
        <line num="13" count="1" type="stmt"/>
        <line num="14" count="1" type="stmt"/>
        <line num="23" count="0" type="stmt"/>
      </file>
      <file name="searchReducer.ts" path="/Users/marziehbahri/Documents/personal/webProjects/addressbook/src/ts/store/reducers/searchReducer.ts">
        <metrics statements="4" coveredstatements="3" conditionals="3" coveredconditionals="1" methods="1" coveredmethods="1"/>
        <line num="3" count="2" type="stmt"/>
        <line num="10" count="1" type="cond" truecount="1" falsecount="1"/>
        <line num="11" count="1" type="stmt"/>
        <line num="16" count="0" type="stmt"/>
      </file>
      <file name="usersReducer.ts" path="/Users/marziehbahri/Documents/personal/webProjects/addressbook/src/ts/store/reducers/usersReducer.ts">
        <metrics statements="6" coveredstatements="5" conditionals="4" coveredconditionals="2" methods="1" coveredmethods="1"/>
        <line num="3" count="1" type="stmt"/>
        <line num="9" count="2" type="cond" truecount="2" falsecount="1"/>
        <line num="11" count="1" type="stmt"/>
        <line num="12" count="1" type="stmt"/>
        <line num="14" count="1" type="stmt"/>
        <line num="16" count="0" type="stmt"/>
      </file>
    </package>
    <package name="src.ts.store.saga">
      <metrics statements="9" coveredstatements="2" conditionals="4" coveredconditionals="0" methods="3" coveredmethods="1"/>
      <file name="getUsersSaga.ts" path="/Users/marziehbahri/Documents/personal/webProjects/addressbook/src/ts/store/saga/getUsersSaga.ts">
        <metrics statements="8" coveredstatements="2" conditionals="4" coveredconditionals="0" methods="2" coveredmethods="1"/>
        <line num="6" count="4" type="stmt"/>
        <line num="9" count="0" type="stmt"/>
        <line num="12" count="0" type="stmt"/>
        <line num="16" count="0" type="stmt"/>
        <line num="21" count="0" type="stmt"/>
        <line num="31" count="0" type="stmt"/>
        <line num="32" count="0" type="stmt"/>
        <line num="37" count="1" type="stmt"/>
      </file>
      <file name="index.ts" path="/Users/marziehbahri/Documents/personal/webProjects/addressbook/src/ts/store/saga/index.ts">
        <metrics statements="1" coveredstatements="0" conditionals="0" coveredconditionals="0" methods="1" coveredmethods="0"/>
        <line num="4" count="0" type="stmt"/>
      </file>
    </package>
    <package name="src.ts.utils">
      <metrics statements="27" coveredstatements="7" conditionals="16" coveredconditionals="1" methods="4" coveredmethods="1"/>
      <file name="httpClient.ts" path="/Users/marziehbahri/Documents/personal/webProjects/addressbook/src/ts/utils/httpClient.ts">
        <metrics statements="27" coveredstatements="7" conditionals="16" coveredconditionals="1" methods="4" coveredmethods="1"/>
        <line num="24" count="1" type="cond" truecount="0" falsecount="2"/>
        <line num="25" count="1" type="cond" truecount="1" falsecount="1"/>
        <line num="26" count="1" type="stmt"/>
        <line num="28" count="1" type="stmt"/>
        <line num="30" count="1" type="stmt"/>
        <line num="31" count="1" type="stmt"/>
        <line num="32" count="1" type="stmt"/>
        <line num="50" count="0" type="cond" truecount="0" falsecount="1"/>
        <line num="51" count="0" type="stmt"/>
        <line num="52" count="0" type="cond" truecount="0" falsecount="2"/>
        <line num="53" count="0" type="stmt"/>
        <line num="54" count="0" type="stmt"/>
        <line num="57" count="0" type="stmt"/>
        <line num="58" count="0" type="stmt"/>
        <line num="60" count="0" type="stmt"/>
        <line num="62" count="0" type="stmt"/>
        <line num="63" count="0" type="cond" truecount="0" falsecount="3"/>
        <line num="66" count="0" type="cond" truecount="0" falsecount="2"/>
        <line num="67" count="0" type="stmt"/>
        <line num="69" count="0" type="stmt"/>
        <line num="70" count="0" type="stmt"/>
        <line num="73" count="0" type="stmt"/>
        <line num="74" count="0" type="stmt"/>
        <line num="76" count="0" type="stmt"/>
        <line num="77" count="0" type="stmt"/>
        <line num="78" count="0" type="stmt"/>
        <line num="81" count="0" type="cond" truecount="0" falsecount="4"/>
      </file>
    </package>
  </project>
</coverage>
