{"/Users/marziehbahri/Documents/personal/webProjects/addressbook/mock/index.ts": {"path":"/Users/marziehbahri/Documents/personal/webProjects/addressbook/mock/index.ts","statementMap":{"0":{"start":{"line":7,"column":4},"end":{"line":7,"column":42}},"1":{"start":{"line":8,"column":27},"end":{"line":8,"column":49}},"2":{"start":{"line":9,"column":25},"end":{"line":9,"column":61}},"3":{"start":{"line":11,"column":18},"end":{"line":22,"column":6}},"4":{"start":{"line":23,"column":4},"end":{"line":23,"column":33}},"5":{"start":{"line":24,"column":4},"end":{"line":24,"column":16}},"6":{"start":{"line":28,"column":4},"end":{"line":80,"column":6}}},"fnMap":{"0":{"name":"mockStore","decl":{"start":{"line":6,"column":16},"end":{"line":6,"column":25}},"loc":{"start":{"line":6,"column":27},"end":{"line":25,"column":1}},"line":6},"1":{"name":"mockUser","decl":{"start":{"line":27,"column":16},"end":{"line":27,"column":24}},"loc":{"start":{"line":27,"column":26},"end":{"line":81,"column":1}},"line":27}},"branchMap":{},"s":{"0":0,"1":0,"2":0,"3":0,"4":0,"5":0,"6":3},"f":{"0":0,"1":3},"b":{},"_coverageSchema":"43e27e138ebf9cfc5966b082cf9a028302ed4184","hash":"90c25a0c14751df1ad3bda88ec35dd718b65e30c"}
,"/Users/marziehbahri/Documents/personal/webProjects/addressbook/src/ts/store/enums.ts": {"path":"/Users/marziehbahri/Documents/personal/webProjects/addressbook/src/ts/store/enums.ts","statementMap":{},"fnMap":{},"branchMap":{},"s":{},"f":{},"b":{},"_coverageSchema":"43e27e138ebf9cfc5966b082cf9a028302ed4184","hash":"048e0bcca6ad325a52300e088a57bca6731b47d2"}
,"/Users/marziehbahri/Documents/personal/webProjects/addressbook/src/ts/store/actions/emptyUsersListAction.ts": {"path":"/Users/marziehbahri/Documents/personal/webProjects/addressbook/src/ts/store/actions/emptyUsersListAction.ts","statementMap":{"0":{"start":{"line":4,"column":2},"end":{"line":6,"column":4}}},"fnMap":{"0":{"name":"emptyUsersListAction","decl":{"start":{"line":3,"column":16},"end":{"line":3,"column":36}},"loc":{"start":{"line":3,"column":39},"end":{"line":7,"column":1}},"line":3}},"branchMap":{},"s":{"0":2},"f":{"0":2},"b":{},"_coverageSchema":"43e27e138ebf9cfc5966b082cf9a028302ed4184","hash":"cddebb186cb5c73d90a7c5de77aa1fd1f69e76f2"}
,"/Users/marziehbahri/Documents/personal/webProjects/addressbook/src/ts/store/actions/findUserAction.ts": {"path":"/Users/marziehbahri/Documents/personal/webProjects/addressbook/src/ts/store/actions/findUserAction.ts","statementMap":{"0":{"start":{"line":4,"column":2},"end":{"line":7,"column":4}}},"fnMap":{"0":{"name":"findUserAction","decl":{"start":{"line":3,"column":16},"end":{"line":3,"column":30}},"loc":{"start":{"line":3,"column":57},"end":{"line":8,"column":1}},"line":3}},"branchMap":{},"s":{"0":2},"f":{"0":2},"b":{},"_coverageSchema":"43e27e138ebf9cfc5966b082cf9a028302ed4184","hash":"83d65c08257ac5f91cbb2b7c152499410d86b388"}
,"/Users/marziehbahri/Documents/personal/webProjects/addressbook/src/ts/store/actions/getUsersAction.ts": {"path":"/Users/marziehbahri/Documents/personal/webProjects/addressbook/src/ts/store/actions/getUsersAction.ts","statementMap":{"0":{"start":{"line":4,"column":2},"end":{"line":7,"column":4}}},"fnMap":{"0":{"name":"getUsersAction","decl":{"start":{"line":3,"column":16},"end":{"line":3,"column":30}},"loc":{"start":{"line":3,"column":57},"end":{"line":8,"column":1}},"line":3}},"branchMap":{},"s":{"0":1},"f":{"0":1},"b":{},"_coverageSchema":"43e27e138ebf9cfc5966b082cf9a028302ed4184","hash":"6bcc424f7b4a62db2c65a17a569802b6f3a5170d"}
,"/Users/marziehbahri/Documents/personal/webProjects/addressbook/src/ts/store/actions/resetListAction.ts": {"path":"/Users/marziehbahri/Documents/personal/webProjects/addressbook/src/ts/store/actions/resetListAction.ts","statementMap":{"0":{"start":{"line":4,"column":2},"end":{"line":6,"column":4}}},"fnMap":{"0":{"name":"resetListAction","decl":{"start":{"line":3,"column":16},"end":{"line":3,"column":31}},"loc":{"start":{"line":3,"column":34},"end":{"line":7,"column":1}},"line":3}},"branchMap":{},"s":{"0":2},"f":{"0":2},"b":{},"_coverageSchema":"43e27e138ebf9cfc5966b082cf9a028302ed4184","hash":"e78689ff1eb2d964b46bfc80249d64573f31f601"}
,"/Users/marziehbahri/Documents/personal/webProjects/addressbook/src/ts/store/actions/setNationalityAction.ts": {"path":"/Users/marziehbahri/Documents/personal/webProjects/addressbook/src/ts/store/actions/setNationalityAction.ts","statementMap":{"0":{"start":{"line":4,"column":2},"end":{"line":7,"column":4}}},"fnMap":{"0":{"name":"setNationalityAction","decl":{"start":{"line":3,"column":16},"end":{"line":3,"column":36}},"loc":{"start":{"line":3,"column":54},"end":{"line":8,"column":1}},"line":3}},"branchMap":{},"s":{"0":2},"f":{"0":2},"b":{},"_coverageSchema":"43e27e138ebf9cfc5966b082cf9a028302ed4184","hash":"150ef8adf5928471a4219f7e8e6e0eec30ed0c86"}
,"/Users/marziehbahri/Documents/personal/webProjects/addressbook/src/ts/store/actions/usersReceivedAction.ts": {"path":"/Users/marziehbahri/Documents/personal/webProjects/addressbook/src/ts/store/actions/usersReceivedAction.ts","statementMap":{"0":{"start":{"line":4,"column":2},"end":{"line":7,"column":4}}},"fnMap":{"0":{"name":"usersReceivedAction","decl":{"start":{"line":3,"column":16},"end":{"line":3,"column":35}},"loc":{"start":{"line":3,"column":63},"end":{"line":8,"column":1}},"line":3}},"branchMap":{},"s":{"0":3},"f":{"0":3},"b":{},"_coverageSchema":"43e27e138ebf9cfc5966b082cf9a028302ed4184","hash":"a12c11ca7bd48e68763696251b499e8e6e160c6e"}
,"/Users/marziehbahri/Documents/personal/webProjects/addressbook/src/ts/store/reducers/loadingReducer.ts": {"path":"/Users/marziehbahri/Documents/personal/webProjects/addressbook/src/ts/store/reducers/loadingReducer.ts","statementMap":{"0":{"start":{"line":4,"column":2},"end":{"line":4,"column":47}}},"fnMap":{"0":{"name":"loadingReducer","decl":{"start":{"line":3,"column":16},"end":{"line":3,"column":30}},"loc":{"start":{"line":3,"column":72},"end":{"line":5,"column":1}},"line":3}},"branchMap":{"0":{"loc":{"start":{"line":3,"column":31},"end":{"line":3,"column":43}},"type":"default-arg","locations":[{"start":{"line":3,"column":39},"end":{"line":3,"column":43}}],"line":3}},"s":{"0":1},"f":{"0":1},"b":{"0":[0]},"_coverageSchema":"43e27e138ebf9cfc5966b082cf9a028302ed4184","hash":"1af9489d1d59502a1064a7c3f71c15320f9b99df"}
,"/Users/marziehbahri/Documents/personal/webProjects/addressbook/src/ts/store/reducers/nationalityReducer.ts": {"path":"/Users/marziehbahri/Documents/personal/webProjects/addressbook/src/ts/store/reducers/nationalityReducer.ts","statementMap":{"0":{"start":{"line":7,"column":2},"end":{"line":9,"column":3}},"1":{"start":{"line":8,"column":4},"end":{"line":8,"column":26}},"2":{"start":{"line":10,"column":2},"end":{"line":10,"column":15}}},"fnMap":{"0":{"name":"nationalityReducer","decl":{"start":{"line":3,"column":16},"end":{"line":3,"column":34}},"loc":{"start":{"line":6,"column":2},"end":{"line":11,"column":1}},"line":6}},"branchMap":{"0":{"loc":{"start":{"line":4,"column":2},"end":{"line":4,"column":45}},"type":"default-arg","locations":[{"start":{"line":4,"column":10},"end":{"line":4,"column":45}}],"line":4},"1":{"loc":{"start":{"line":4,"column":10},"end":{"line":4,"column":45}},"type":"binary-expr","locations":[{"start":{"line":4,"column":10},"end":{"line":4,"column":37}},{"start":{"line":4,"column":41},"end":{"line":4,"column":45}}],"line":4},"2":{"loc":{"start":{"line":7,"column":2},"end":{"line":9,"column":3}},"type":"if","locations":[{"start":{"line":7,"column":2},"end":{"line":9,"column":3}},{"start":{"line":7,"column":2},"end":{"line":9,"column":3}}],"line":7}},"s":{"0":1,"1":1,"2":0},"f":{"0":1},"b":{"0":[0],"1":[0,0],"2":[1,0]},"_coverageSchema":"43e27e138ebf9cfc5966b082cf9a028302ed4184","hash":"8ba1aef8fe5def491fcf4e7f2f36078eb8d7f4b2"}
,"/Users/marziehbahri/Documents/personal/webProjects/addressbook/src/ts/store/reducers/paginationReducer.ts": {"path":"/Users/marziehbahri/Documents/personal/webProjects/addressbook/src/ts/store/reducers/paginationReducer.ts","statementMap":{"0":{"start":{"line":3,"column":38},"end":{"line":6,"column":1}},"1":{"start":{"line":12,"column":2},"end":{"line":22,"column":3}},"2":{"start":{"line":13,"column":18},"end":{"line":13,"column":35}},"3":{"start":{"line":14,"column":4},"end":{"line":21,"column":6}},"4":{"start":{"line":23,"column":2},"end":{"line":23,"column":15}}},"fnMap":{"0":{"name":"paginationReducer","decl":{"start":{"line":8,"column":16},"end":{"line":8,"column":33}},"loc":{"start":{"line":11,"column":2},"end":{"line":24,"column":1}},"line":11}},"branchMap":{"0":{"loc":{"start":{"line":9,"column":2},"end":{"line":9,"column":23}},"type":"default-arg","locations":[{"start":{"line":9,"column":10},"end":{"line":9,"column":23}}],"line":9},"1":{"loc":{"start":{"line":12,"column":2},"end":{"line":22,"column":3}},"type":"if","locations":[{"start":{"line":12,"column":2},"end":{"line":22,"column":3}},{"start":{"line":12,"column":2},"end":{"line":22,"column":3}}],"line":12},"2":{"loc":{"start":{"line":17,"column":8},"end":{"line":19,"column":21}},"type":"cond-expr","locations":[{"start":{"line":18,"column":12},"end":{"line":18,"column":45}},{"start":{"line":19,"column":12},"end":{"line":19,"column":21}}],"line":17}},"s":{"0":1,"1":1,"2":1,"3":1,"4":0},"f":{"0":1},"b":{"0":[0],"1":[1,0],"2":[1,0]},"_coverageSchema":"43e27e138ebf9cfc5966b082cf9a028302ed4184","hash":"b322780a02198c97b6ca98bfb691a8a7d93a82cd"}
,"/Users/marziehbahri/Documents/personal/webProjects/addressbook/src/ts/store/reducers/searchReducer.ts": {"path":"/Users/marziehbahri/Documents/personal/webProjects/addressbook/src/ts/store/reducers/searchReducer.ts","statementMap":{"0":{"start":{"line":3,"column":22},"end":{"line":5,"column":1}},"1":{"start":{"line":10,"column":2},"end":{"line":15,"column":3}},"2":{"start":{"line":11,"column":4},"end":{"line":14,"column":6}},"3":{"start":{"line":16,"column":2},"end":{"line":16,"column":23}}},"fnMap":{"0":{"name":"searchReducer","decl":{"start":{"line":6,"column":16},"end":{"line":6,"column":29}},"loc":{"start":{"line":9,"column":2},"end":{"line":17,"column":1}},"line":9}},"branchMap":{"0":{"loc":{"start":{"line":7,"column":2},"end":{"line":7,"column":23}},"type":"default-arg","locations":[{"start":{"line":7,"column":10},"end":{"line":7,"column":23}}],"line":7},"1":{"loc":{"start":{"line":10,"column":2},"end":{"line":15,"column":3}},"type":"if","locations":[{"start":{"line":10,"column":2},"end":{"line":15,"column":3}},{"start":{"line":10,"column":2},"end":{"line":15,"column":3}}],"line":10}},"s":{"0":2,"1":1,"2":1,"3":0},"f":{"0":1},"b":{"0":[0],"1":[1,0]},"_coverageSchema":"43e27e138ebf9cfc5966b082cf9a028302ed4184","hash":"6d162f064dd36716ec406ed95ade8dd49d6f4a59"}
,"/Users/marziehbahri/Documents/personal/webProjects/addressbook/src/ts/store/reducers/usersReducer.ts": {"path":"/Users/marziehbahri/Documents/personal/webProjects/addressbook/src/ts/store/reducers/usersReducer.ts","statementMap":{"0":{"start":{"line":3,"column":30},"end":{"line":3,"column":32}},"1":{"start":{"line":9,"column":2},"end":{"line":17,"column":3}},"2":{"start":{"line":11,"column":19},"end":{"line":11,"column":32}},"3":{"start":{"line":12,"column":6},"end":{"line":12,"column":51}},"4":{"start":{"line":14,"column":6},"end":{"line":14,"column":16}},"5":{"start":{"line":16,"column":6},"end":{"line":16,"column":19}}},"fnMap":{"0":{"name":"usersReducer","decl":{"start":{"line":5,"column":16},"end":{"line":5,"column":28}},"loc":{"start":{"line":8,"column":2},"end":{"line":18,"column":1}},"line":8}},"branchMap":{"0":{"loc":{"start":{"line":6,"column":2},"end":{"line":6,"column":23}},"type":"default-arg","locations":[{"start":{"line":6,"column":10},"end":{"line":6,"column":23}}],"line":6},"1":{"loc":{"start":{"line":9,"column":2},"end":{"line":17,"column":3}},"type":"switch","locations":[{"start":{"line":10,"column":4},"end":{"line":12,"column":51}},{"start":{"line":13,"column":4},"end":{"line":14,"column":16}},{"start":{"line":15,"column":4},"end":{"line":16,"column":19}}],"line":9}},"s":{"0":1,"1":2,"2":1,"3":1,"4":1,"5":0},"f":{"0":2},"b":{"0":[0],"1":[1,1,0]},"_coverageSchema":"43e27e138ebf9cfc5966b082cf9a028302ed4184","hash":"febd728a346e70981feca56cccf0eec0e9b18686"}
,"/Users/marziehbahri/Documents/personal/webProjects/addressbook/src/ts/store/saga/getUsersSaga.ts": {"path":"/Users/marziehbahri/Documents/personal/webProjects/addressbook/src/ts/store/saga/getUsersSaga.ts","statementMap":{"0":{"start":{"line":6,"column":12},"end":{"line":6,"column":41}},"1":{"start":{"line":9,"column":22},"end":{"line":11,"column":63}},"2":{"start":{"line":12,"column":2},"end":{"line":33,"column":3}},"3":{"start":{"line":16,"column":8},"end":{"line":20,"column":6}},"4":{"start":{"line":21,"column":4},"end":{"line":29,"column":6}},"5":{"start":{"line":31,"column":4},"end":{"line":31,"column":21}},"6":{"start":{"line":32,"column":4},"end":{"line":32,"column":49}},"7":{"start":{"line":37,"column":2},"end":{"line":37,"column":52}}},"fnMap":{"0":{"name":"getUsers","decl":{"start":{"line":8,"column":17},"end":{"line":8,"column":25}},"loc":{"start":{"line":8,"column":59},"end":{"line":34,"column":1}},"line":8},"1":{"name":"getUsersWatcher","decl":{"start":{"line":36,"column":17},"end":{"line":36,"column":32}},"loc":{"start":{"line":36,"column":35},"end":{"line":38,"column":1}},"line":36}},"branchMap":{"0":{"loc":{"start":{"line":10,"column":4},"end":{"line":10,"column":63}},"type":"cond-expr","locations":[{"start":{"line":10,"column":27},"end":{"line":10,"column":58}},{"start":{"line":10,"column":61},"end":{"line":10,"column":63}}],"line":10},"1":{"loc":{"start":{"line":11,"column":5},"end":{"line":11,"column":61}},"type":"cond-expr","locations":[{"start":{"line":11,"column":27},"end":{"line":11,"column":56}},{"start":{"line":11,"column":59},"end":{"line":11,"column":61}}],"line":11}},"s":{"0":4,"1":0,"2":0,"3":0,"4":0,"5":0,"6":0,"7":1},"f":{"0":0,"1":1},"b":{"0":[0,0],"1":[0,0]},"_coverageSchema":"43e27e138ebf9cfc5966b082cf9a028302ed4184","hash":"4881d313aa05b6675312a805808d5c9559777395"}
,"/Users/marziehbahri/Documents/personal/webProjects/addressbook/src/ts/store/saga/index.ts": {"path":"/Users/marziehbahri/Documents/personal/webProjects/addressbook/src/ts/store/saga/index.ts","statementMap":{"0":{"start":{"line":4,"column":2},"end":{"line":4,"column":33}}},"fnMap":{"0":{"name":"rootSaga","decl":{"start":{"line":3,"column":25},"end":{"line":3,"column":33}},"loc":{"start":{"line":3,"column":36},"end":{"line":5,"column":1}},"line":3}},"branchMap":{},"s":{"0":0},"f":{"0":0},"b":{},"_coverageSchema":"43e27e138ebf9cfc5966b082cf9a028302ed4184","hash":"611e63fc082cb349859ad519c04536399495a4a9"}
,"/Users/marziehbahri/Documents/personal/webProjects/addressbook/src/ts/utils/httpClient.ts": {"path":"/Users/marziehbahri/Documents/personal/webProjects/addressbook/src/ts/utils/httpClient.ts","statementMap":{"0":{"start":{"line":24,"column":45},"end":{"line":24,"column":51}},"1":{"start":{"line":25,"column":2},"end":{"line":34,"column":3}},"2":{"start":{"line":26,"column":4},"end":{"line":26,"column":63}},"3":{"start":{"line":28,"column":17},"end":{"line":28,"column":37}},"4":{"start":{"line":30,"column":4},"end":{"line":33,"column":5}},"5":{"start":{"line":31,"column":19},"end":{"line":31,"column":26}},"6":{"start":{"line":32,"column":6},"end":{"line":32,"column":48}},"7":{"start":{"line":50,"column":40},"end":{"line":50,"column":46}},"8":{"start":{"line":51,"column":2},"end":{"line":82,"column":5}},"9":{"start":{"line":52,"column":4},"end":{"line":55,"column":5}},"10":{"start":{"line":53,"column":6},"end":{"line":53,"column":47}},"11":{"start":{"line":54,"column":6},"end":{"line":54,"column":13}},"12":{"start":{"line":57,"column":14},"end":{"line":57,"column":34}},"13":{"start":{"line":58,"column":4},"end":{"line":58,"column":32}},"14":{"start":{"line":60,"column":4},"end":{"line":60,"column":37}},"15":{"start":{"line":62,"column":4},"end":{"line":80,"column":6}},"16":{"start":{"line":63,"column":6},"end":{"line":79,"column":7}},"17":{"start":{"line":66,"column":10},"end":{"line":68,"column":11}},"18":{"start":{"line":67,"column":12},"end":{"line":67,"column":43}},"19":{"start":{"line":69,"column":10},"end":{"line":69,"column":23}},"20":{"start":{"line":70,"column":10},"end":{"line":70,"column":16}},"21":{"start":{"line":73,"column":10},"end":{"line":73,"column":41}},"22":{"start":{"line":74,"column":10},"end":{"line":74,"column":16}},"23":{"start":{"line":76,"column":22},"end":{"line":76,"column":46}},"24":{"start":{"line":77,"column":10},"end":{"line":77,"column":48}},"25":{"start":{"line":78,"column":10},"end":{"line":78,"column":16}},"26":{"start":{"line":81,"column":4},"end":{"line":81,"column":54}}},"fnMap":{"0":{"name":"setUpRequestHeaders","decl":{"start":{"line":23,"column":16},"end":{"line":23,"column":35}},"loc":{"start":{"line":23,"column":77},"end":{"line":35,"column":1}},"line":23},"1":{"name":"httpClient","decl":{"start":{"line":49,"column":22},"end":{"line":49,"column":32}},"loc":{"start":{"line":49,"column":53},"end":{"line":83,"column":1}},"line":49},"2":{"name":"(anonymous_2)","decl":{"start":{"line":51,"column":21},"end":{"line":51,"column":22}},"loc":{"start":{"line":51,"column":42},"end":{"line":82,"column":3}},"line":51},"3":{"name":"(anonymous_3)","decl":{"start":{"line":62,"column":17},"end":{"line":62,"column":18}},"loc":{"start":{"line":62,"column":23},"end":{"line":80,"column":5}},"line":62}},"branchMap":{"0":{"loc":{"start":{"line":24,"column":10},"end":{"line":24,"column":26}},"type":"default-arg","locations":[{"start":{"line":24,"column":22},"end":{"line":24,"column":26}}],"line":24},"1":{"loc":{"start":{"line":24,"column":28},"end":{"line":24,"column":40}},"type":"default-arg","locations":[{"start":{"line":24,"column":38},"end":{"line":24,"column":40}}],"line":24},"2":{"loc":{"start":{"line":25,"column":2},"end":{"line":34,"column":3}},"type":"if","locations":[{"start":{"line":25,"column":2},"end":{"line":34,"column":3}},{"start":{"line":25,"column":2},"end":{"line":34,"column":3}}],"line":25},"3":{"loc":{"start":{"line":50,"column":10},"end":{"line":50,"column":24}},"type":"default-arg","locations":[{"start":{"line":50,"column":19},"end":{"line":50,"column":24}}],"line":50},"4":{"loc":{"start":{"line":52,"column":4},"end":{"line":55,"column":5}},"type":"if","locations":[{"start":{"line":52,"column":4},"end":{"line":55,"column":5}},{"start":{"line":52,"column":4},"end":{"line":55,"column":5}}],"line":52},"5":{"loc":{"start":{"line":63,"column":6},"end":{"line":79,"column":7}},"type":"switch","locations":[{"start":{"line":64,"column":8},"end":{"line":70,"column":16}},{"start":{"line":72,"column":8},"end":{"line":74,"column":16}},{"start":{"line":75,"column":8},"end":{"line":78,"column":16}}],"line":63},"6":{"loc":{"start":{"line":66,"column":10},"end":{"line":68,"column":11}},"type":"if","locations":[{"start":{"line":66,"column":10},"end":{"line":68,"column":11}},{"start":{"line":66,"column":10},"end":{"line":68,"column":11}}],"line":66},"7":{"loc":{"start":{"line":81,"column":4},"end":{"line":81,"column":53}},"type":"cond-expr","locations":[{"start":{"line":81,"column":26},"end":{"line":81,"column":40}},{"start":{"line":81,"column":43},"end":{"line":81,"column":53}}],"line":81},"8":{"loc":{"start":{"line":81,"column":4},"end":{"line":81,"column":23}},"type":"binary-expr","locations":[{"start":{"line":81,"column":4},"end":{"line":81,"column":8}},{"start":{"line":81,"column":12},"end":{"line":81,"column":23}}],"line":81}},"s":{"0":1,"1":1,"2":1,"3":1,"4":1,"5":1,"6":1,"7":0,"8":0,"9":0,"10":0,"11":0,"12":0,"13":0,"14":0,"15":0,"16":0,"17":0,"18":0,"19":0,"20":0,"21":0,"22":0,"23":0,"24":0,"25":0,"26":0},"f":{"0":1,"1":0,"2":0,"3":0},"b":{"0":[0],"1":[0],"2":[1,0],"3":[0],"4":[0,0],"5":[0,0,0],"6":[0,0],"7":[0,0],"8":[0,0]},"_coverageSchema":"43e27e138ebf9cfc5966b082cf9a028302ed4184","hash":"665b5d804be58f34e7635c2a1e9fe0cb4dc6016a"}
}
