{"/Users/marziehbahri/Documents/personal/webProjects/addressbook/src/ts/components/Details/index.tsx": {"path":"/Users/marziehbahri/Documents/personal/webProjects/addressbook/src/ts/components/Details/index.tsx","statementMap":{"0":{"start":{"line":6,"column":38},"end":{"line":47,"column":1}},"1":{"start":{"line":7,"column":21},"end":{"line":11,"column":3}},"2":{"start":{"line":8,"column":4},"end":{"line":10,"column":5}},"3":{"start":{"line":9,"column":6},"end":{"line":9,"column":20}},"4":{"start":{"line":12,"column":2},"end":{"line":46,"column":4}}},"fnMap":{"0":{"name":"(anonymous_0)","decl":{"start":{"line":6,"column":38},"end":{"line":6,"column":39}},"loc":{"start":{"line":6,"column":65},"end":{"line":47,"column":1}},"line":6},"1":{"name":"(anonymous_1)","decl":{"start":{"line":7,"column":21},"end":{"line":7,"column":22}},"loc":{"start":{"line":7,"column":33},"end":{"line":11,"column":3}},"line":7}},"branchMap":{"0":{"loc":{"start":{"line":8,"column":4},"end":{"line":10,"column":5}},"type":"if","locations":[{"start":{"line":8,"column":4},"end":{"line":10,"column":5}},{"start":{"line":8,"column":4},"end":{"line":10,"column":5}}],"line":8},"1":{"loc":{"start":{"line":35,"column":15},"end":{"line":37,"column":79}},"type":"cond-expr","locations":[{"start":{"line":36,"column":18},"end":{"line":36,"column":38}},{"start":{"line":37,"column":18},"end":{"line":37,"column":79}}],"line":35}},"s":{"0":3,"1":2,"2":0,"3":0,"4":2},"f":{"0":2,"1":0},"b":{"0":[0,0],"1":[2,0]},"_coverageSchema":"43e27e138ebf9cfc5966b082cf9a028302ed4184","hash":"6aad3ed9b9677a3942c6867ae2790453673af9ab"}
,"/Users/marziehbahri/Documents/personal/webProjects/addressbook/src/ts/components/Loading/index.tsx": {"path":"/Users/marziehbahri/Documents/personal/webProjects/addressbook/src/ts/components/Loading/index.tsx","statementMap":{"0":{"start":{"line":3,"column":16},"end":{"line":23,"column":1}},"1":{"start":{"line":4,"column":4},"end":{"line":22,"column":10}}},"fnMap":{"0":{"name":"(anonymous_0)","decl":{"start":{"line":3,"column":16},"end":{"line":3,"column":17}},"loc":{"start":{"line":3,"column":22},"end":{"line":23,"column":1}},"line":3}},"branchMap":{},"s":{"0":1,"1":0},"f":{"0":0},"b":{},"_coverageSchema":"43e27e138ebf9cfc5966b082cf9a028302ed4184","hash":"a8db08b00a61670c5cdf9d6578e9bc6e82fc78b0"}
,"/Users/marziehbahri/Documents/personal/webProjects/addressbook/src/ts/components/User/index.tsx": {"path":"/Users/marziehbahri/Documents/personal/webProjects/addressbook/src/ts/components/User/index.tsx","statementMap":{"0":{"start":{"line":5,"column":38},"end":{"line":31,"column":1}},"1":{"start":{"line":6,"column":34},"end":{"line":6,"column":49}},"2":{"start":{"line":7,"column":22},"end":{"line":9,"column":3}},"3":{"start":{"line":8,"column":4},"end":{"line":8,"column":22}},"4":{"start":{"line":11,"column":2},"end":{"line":30,"column":4}},"5":{"start":{"line":27,"column":48},"end":{"line":27,"column":66}}},"fnMap":{"0":{"name":"(anonymous_0)","decl":{"start":{"line":5,"column":38},"end":{"line":5,"column":39}},"loc":{"start":{"line":5,"column":52},"end":{"line":31,"column":1}},"line":5},"1":{"name":"(anonymous_1)","decl":{"start":{"line":7,"column":22},"end":{"line":7,"column":23}},"loc":{"start":{"line":7,"column":28},"end":{"line":9,"column":3}},"line":7},"2":{"name":"(anonymous_2)","decl":{"start":{"line":27,"column":42},"end":{"line":27,"column":43}},"loc":{"start":{"line":27,"column":48},"end":{"line":27,"column":66}},"line":27}},"branchMap":{"0":{"loc":{"start":{"line":26,"column":7},"end":{"line":28,"column":7}},"type":"binary-expr","locations":[{"start":{"line":26,"column":7},"end":{"line":26,"column":15}},{"start":{"line":27,"column":8},"end":{"line":27,"column":70}}],"line":26}},"s":{"0":2,"1":2,"2":2,"3":1,"4":2,"5":0},"f":{"0":2,"1":1,"2":0},"b":{"0":[2,1]},"_coverageSchema":"43e27e138ebf9cfc5966b082cf9a028302ed4184","hash":"10e0741d6a014e71792aa50f79d4e9cf7403ba96"}
,"/Users/marziehbahri/Documents/personal/webProjects/addressbook/src/ts/components/UsersList/index.tsx": {"path":"/Users/marziehbahri/Documents/personal/webProjects/addressbook/src/ts/components/UsersList/index.tsx","statementMap":{"0":{"start":{"line":7,"column":18},"end":{"line":17,"column":1}},"1":{"start":{"line":8,"column":28},"end":{"line":8,"column":42}},"2":{"start":{"line":9,"column":2},"end":{"line":16,"column":4}},"3":{"start":{"line":12,"column":8},"end":{"line":12,"column":74}}},"fnMap":{"0":{"name":"(anonymous_0)","decl":{"start":{"line":7,"column":18},"end":{"line":7,"column":19}},"loc":{"start":{"line":7,"column":24},"end":{"line":17,"column":1}},"line":7},"1":{"name":"(anonymous_1)","decl":{"start":{"line":11,"column":16},"end":{"line":11,"column":17}},"loc":{"start":{"line":11,"column":33},"end":{"line":13,"column":7}},"line":11}},"branchMap":{"0":{"loc":{"start":{"line":14,"column":7},"end":{"line":14,"column":29}},"type":"binary-expr","locations":[{"start":{"line":14,"column":7},"end":{"line":14,"column":14}},{"start":{"line":14,"column":18},"end":{"line":14,"column":29}}],"line":14}},"s":{"0":1,"1":0,"2":0,"3":0},"f":{"0":0,"1":0},"b":{"0":[0,0]},"_coverageSchema":"43e27e138ebf9cfc5966b082cf9a028302ed4184","hash":"5101e58c859bf7d7188946afc16aa8b6f5d11925"}
,"/Users/marziehbahri/Documents/personal/webProjects/addressbook/src/ts/components/UsersList/useUsersList.ts": {"path":"/Users/marziehbahri/Documents/personal/webProjects/addressbook/src/ts/components/UsersList/useUsersList.ts","statementMap":{"0":{"start":{"line":7,"column":28},"end":{"line":67,"column":1}},"1":{"start":{"line":8,"column":19},"end":{"line":8,"column":32}},"2":{"start":{"line":9,"column":16},"end":{"line":9,"column":68}},"3":{"start":{"line":9,"column":46},"end":{"line":9,"column":57}},"4":{"start":{"line":11,"column":18},"end":{"line":11,"column":73}},"5":{"start":{"line":11,"column":48},"end":{"line":11,"column":61}},"6":{"start":{"line":13,"column":38},"end":{"line":15,"column":18}},"7":{"start":{"line":14,"column":15},"end":{"line":14,"column":27}},"8":{"start":{"line":17,"column":27},"end":{"line":19,"column":21}},"9":{"start":{"line":18,"column":15},"end":{"line":18,"column":31}},"10":{"start":{"line":21,"column":22},"end":{"line":23,"column":13}},"11":{"start":{"line":22,"column":15},"end":{"line":22,"column":32}},"12":{"start":{"line":25,"column":23},"end":{"line":31,"column":38}},"13":{"start":{"line":26,"column":4},"end":{"line":29,"column":5}},"14":{"start":{"line":27,"column":19},"end":{"line":27,"column":73}},"15":{"start":{"line":27,"column":42},"end":{"line":27,"column":72}},"16":{"start":{"line":28,"column":6},"end":{"line":28,"column":41}},"17":{"start":{"line":30,"column":4},"end":{"line":30,"column":17}},"18":{"start":{"line":33,"column":23},"end":{"line":45,"column":29}},"19":{"start":{"line":34,"column":27},"end":{"line":34,"column":50}},"20":{"start":{"line":35,"column":4},"end":{"line":44,"column":5}},"21":{"start":{"line":36,"column":39},"end":{"line":39,"column":7}},"22":{"start":{"line":40,"column":6},"end":{"line":42,"column":7}},"23":{"start":{"line":41,"column":8},"end":{"line":41,"column":34}},"24":{"start":{"line":43,"column":6},"end":{"line":43,"column":40}},"25":{"start":{"line":47,"column":2},"end":{"line":55,"column":21}},"26":{"start":{"line":51,"column":4},"end":{"line":51,"column":52}},"27":{"start":{"line":52,"column":4},"end":{"line":54,"column":6}},"28":{"start":{"line":53,"column":6},"end":{"line":53,"column":57}},"29":{"start":{"line":57,"column":2},"end":{"line":64,"column":20}},"30":{"start":{"line":58,"column":4},"end":{"line":63,"column":6}},"31":{"start":{"line":66,"column":2},"end":{"line":66,"column":27}}},"fnMap":{"0":{"name":"(anonymous_0)","decl":{"start":{"line":7,"column":28},"end":{"line":7,"column":29}},"loc":{"start":{"line":7,"column":34},"end":{"line":67,"column":1}},"line":7},"1":{"name":"(anonymous_1)","decl":{"start":{"line":9,"column":35},"end":{"line":9,"column":36}},"loc":{"start":{"line":9,"column":46},"end":{"line":9,"column":57}},"line":9},"2":{"name":"(anonymous_2)","decl":{"start":{"line":11,"column":37},"end":{"line":11,"column":38}},"loc":{"start":{"line":11,"column":48},"end":{"line":11,"column":61}},"line":11},"3":{"name":"(anonymous_3)","decl":{"start":{"line":14,"column":4},"end":{"line":14,"column":5}},"loc":{"start":{"line":14,"column":15},"end":{"line":14,"column":27}},"line":14},"4":{"name":"(anonymous_4)","decl":{"start":{"line":18,"column":4},"end":{"line":18,"column":5}},"loc":{"start":{"line":18,"column":15},"end":{"line":18,"column":31}},"line":18},"5":{"name":"(anonymous_5)","decl":{"start":{"line":22,"column":4},"end":{"line":22,"column":5}},"loc":{"start":{"line":22,"column":15},"end":{"line":22,"column":32}},"line":22},"6":{"name":"(anonymous_6)","decl":{"start":{"line":25,"column":31},"end":{"line":25,"column":32}},"loc":{"start":{"line":25,"column":37},"end":{"line":31,"column":3}},"line":25},"7":{"name":"(anonymous_7)","decl":{"start":{"line":27,"column":32},"end":{"line":27,"column":33}},"loc":{"start":{"line":27,"column":42},"end":{"line":27,"column":72}},"line":27},"8":{"name":"(anonymous_8)","decl":{"start":{"line":33,"column":35},"end":{"line":33,"column":36}},"loc":{"start":{"line":33,"column":41},"end":{"line":45,"column":3}},"line":33},"9":{"name":"(anonymous_9)","decl":{"start":{"line":47,"column":12},"end":{"line":47,"column":13}},"loc":{"start":{"line":47,"column":18},"end":{"line":55,"column":3}},"line":47},"10":{"name":"(anonymous_10)","decl":{"start":{"line":52,"column":11},"end":{"line":52,"column":12}},"loc":{"start":{"line":52,"column":23},"end":{"line":54,"column":5}},"line":52},"11":{"name":"(anonymous_11)","decl":{"start":{"line":57,"column":12},"end":{"line":57,"column":13}},"loc":{"start":{"line":57,"column":18},"end":{"line":64,"column":3}},"line":57}},"branchMap":{"0":{"loc":{"start":{"line":26,"column":4},"end":{"line":29,"column":5}},"type":"if","locations":[{"start":{"line":26,"column":4},"end":{"line":29,"column":5}},{"start":{"line":26,"column":4},"end":{"line":29,"column":5}}],"line":26},"1":{"loc":{"start":{"line":28,"column":13},"end":{"line":28,"column":40}},"type":"cond-expr","locations":[{"start":{"line":28,"column":31},"end":{"line":28,"column":35}},{"start":{"line":28,"column":38},"end":{"line":28,"column":40}}],"line":28},"2":{"loc":{"start":{"line":35,"column":4},"end":{"line":44,"column":5}},"type":"if","locations":[{"start":{"line":35,"column":4},"end":{"line":44,"column":5}},{"start":{"line":35,"column":4},"end":{"line":44,"column":5}}],"line":35},"3":{"loc":{"start":{"line":35,"column":8},"end":{"line":35,"column":44}},"type":"binary-expr","locations":[{"start":{"line":35,"column":8},"end":{"line":35,"column":22}},{"start":{"line":35,"column":26},"end":{"line":35,"column":32}},{"start":{"line":35,"column":36},"end":{"line":35,"column":44}}],"line":35},"4":{"loc":{"start":{"line":40,"column":6},"end":{"line":42,"column":7}},"type":"if","locations":[{"start":{"line":40,"column":6},"end":{"line":42,"column":7}},{"start":{"line":40,"column":6},"end":{"line":42,"column":7}}],"line":40}},"s":{"0":1,"1":0,"2":0,"3":0,"4":0,"5":0,"6":0,"7":0,"8":0,"9":0,"10":0,"11":0,"12":0,"13":0,"14":0,"15":0,"16":0,"17":0,"18":0,"19":0,"20":0,"21":0,"22":0,"23":0,"24":0,"25":0,"26":0,"27":0,"28":0,"29":0,"30":0,"31":0},"f":{"0":0,"1":0,"2":0,"3":0,"4":0,"5":0,"6":0,"7":0,"8":0,"9":0,"10":0,"11":0},"b":{"0":[0,0],"1":[0,0],"2":[0,0],"3":[0,0,0],"4":[0,0]},"_coverageSchema":"43e27e138ebf9cfc5966b082cf9a028302ed4184","hash":"266b82f71337fd9b5edd13a2e7446a237c227cb3"}
,"/Users/marziehbahri/Documents/personal/webProjects/addressbook/src/ts/store/enums.ts": {"path":"/Users/marziehbahri/Documents/personal/webProjects/addressbook/src/ts/store/enums.ts","statementMap":{},"fnMap":{},"branchMap":{},"s":{},"f":{},"b":{},"_coverageSchema":"43e27e138ebf9cfc5966b082cf9a028302ed4184","hash":"048e0bcca6ad325a52300e088a57bca6731b47d2"}
,"/Users/marziehbahri/Documents/personal/webProjects/addressbook/src/ts/store/actions/getUsersAction.ts": {"path":"/Users/marziehbahri/Documents/personal/webProjects/addressbook/src/ts/store/actions/getUsersAction.ts","statementMap":{"0":{"start":{"line":4,"column":2},"end":{"line":7,"column":4}}},"fnMap":{"0":{"name":"getUsersAction","decl":{"start":{"line":3,"column":16},"end":{"line":3,"column":30}},"loc":{"start":{"line":3,"column":57},"end":{"line":8,"column":1}},"line":3}},"branchMap":{},"s":{"0":0},"f":{"0":0},"b":{},"_coverageSchema":"43e27e138ebf9cfc5966b082cf9a028302ed4184","hash":"6bcc424f7b4a62db2c65a17a569802b6f3a5170d"}
,"/Users/marziehbahri/Documents/personal/webProjects/addressbook/src/ts/store/saga/getUsersSaga.ts": {"path":"/Users/marziehbahri/Documents/personal/webProjects/addressbook/src/ts/store/saga/getUsersSaga.ts","statementMap":{"0":{"start":{"line":5,"column":12},"end":{"line":5,"column":41}},"1":{"start":{"line":8,"column":22},"end":{"line":10,"column":63}},"2":{"start":{"line":11,"column":2},"end":{"line":33,"column":3}},"3":{"start":{"line":15,"column":8},"end":{"line":19,"column":6}},"4":{"start":{"line":20,"column":4},"end":{"line":29,"column":7}},"5":{"start":{"line":31,"column":4},"end":{"line":31,"column":21}},"6":{"start":{"line":32,"column":4},"end":{"line":32,"column":49}},"7":{"start":{"line":37,"column":2},"end":{"line":37,"column":52}}},"fnMap":{"0":{"name":"getUsers","decl":{"start":{"line":7,"column":10},"end":{"line":7,"column":18}},"loc":{"start":{"line":7,"column":52},"end":{"line":34,"column":1}},"line":7},"1":{"name":"getUsersWatcher","decl":{"start":{"line":36,"column":17},"end":{"line":36,"column":32}},"loc":{"start":{"line":36,"column":35},"end":{"line":38,"column":1}},"line":36}},"branchMap":{"0":{"loc":{"start":{"line":9,"column":4},"end":{"line":9,"column":63}},"type":"cond-expr","locations":[{"start":{"line":9,"column":27},"end":{"line":9,"column":58}},{"start":{"line":9,"column":61},"end":{"line":9,"column":63}}],"line":9},"1":{"loc":{"start":{"line":10,"column":5},"end":{"line":10,"column":61}},"type":"cond-expr","locations":[{"start":{"line":10,"column":27},"end":{"line":10,"column":56}},{"start":{"line":10,"column":59},"end":{"line":10,"column":61}}],"line":10}},"s":{"0":1,"1":0,"2":0,"3":0,"4":0,"5":0,"6":0,"7":1},"f":{"0":0,"1":1},"b":{"0":[0,0],"1":[0,0]},"_coverageSchema":"43e27e138ebf9cfc5966b082cf9a028302ed4184","hash":"00d194cd63df7ac05ee2e73e8a89c0bd0189211a"}
,"/Users/marziehbahri/Documents/personal/webProjects/addressbook/src/ts/store/saga/index.ts": {"path":"/Users/marziehbahri/Documents/personal/webProjects/addressbook/src/ts/store/saga/index.ts","statementMap":{"0":{"start":{"line":4,"column":2},"end":{"line":4,"column":33}}},"fnMap":{"0":{"name":"rootSaga","decl":{"start":{"line":3,"column":25},"end":{"line":3,"column":33}},"loc":{"start":{"line":3,"column":36},"end":{"line":5,"column":1}},"line":3}},"branchMap":{},"s":{"0":1},"f":{"0":1},"b":{},"_coverageSchema":"43e27e138ebf9cfc5966b082cf9a028302ed4184","hash":"611e63fc082cb349859ad519c04536399495a4a9"}
,"/Users/marziehbahri/Documents/personal/webProjects/addressbook/src/ts/utils/checkScrollIsAtBottom.ts": {"path":"/Users/marziehbahri/Documents/personal/webProjects/addressbook/src/ts/utils/checkScrollIsAtBottom.ts","statementMap":{"0":{"start":{"line":2,"column":25},"end":{"line":2,"column":38}},"1":{"start":{"line":4,"column":6},"end":{"line":6,"column":32}},"2":{"start":{"line":8,"column":6},"end":{"line":10,"column":40}},"3":{"start":{"line":11,"column":2},"end":{"line":11,"column":58}}},"fnMap":{"0":{"name":"checkScrollIsAtBottom","decl":{"start":{"line":1,"column":16},"end":{"line":1,"column":37}},"loc":{"start":{"line":1,"column":40},"end":{"line":12,"column":1}},"line":1}},"branchMap":{"0":{"loc":{"start":{"line":4,"column":6},"end":{"line":6,"column":32}},"type":"binary-expr","locations":[{"start":{"line":4,"column":6},"end":{"line":4,"column":24}},{"start":{"line":5,"column":6},"end":{"line":5,"column":43}},{"start":{"line":6,"column":6},"end":{"line":6,"column":32}}],"line":4},"1":{"loc":{"start":{"line":8,"column":6},"end":{"line":10,"column":40}},"type":"binary-expr","locations":[{"start":{"line":8,"column":6},"end":{"line":8,"column":20}},{"start":{"line":9,"column":6},"end":{"line":9,"column":24}},{"start":{"line":10,"column":6},"end":{"line":10,"column":40}}],"line":8}},"s":{"0":0,"1":0,"2":0,"3":0},"f":{"0":0},"b":{"0":[0,0,0],"1":[0,0,0]},"_coverageSchema":"43e27e138ebf9cfc5966b082cf9a028302ed4184","hash":"5324f5758f2742c1c3d94d4829cc396b57a1a007"}
,"/Users/marziehbahri/Documents/personal/webProjects/addressbook/src/ts/utils/filterUsers.ts": {"path":"/Users/marziehbahri/Documents/personal/webProjects/addressbook/src/ts/utils/filterUsers.ts","statementMap":{"0":{"start":{"line":2,"column":47},"end":{"line":2,"column":56}},"1":{"start":{"line":3,"column":4},"end":{"line":17,"column":5}},"2":{"start":{"line":4,"column":8},"end":{"line":6,"column":9}},"3":{"start":{"line":5,"column":12},"end":{"line":5,"column":24}},"4":{"start":{"line":8,"column":9},"end":{"line":17,"column":5}},"5":{"start":{"line":9,"column":8},"end":{"line":11,"column":9}},"6":{"start":{"line":10,"column":12},"end":{"line":10,"column":24}},"7":{"start":{"line":13,"column":9},"end":{"line":17,"column":5}},"8":{"start":{"line":14,"column":8},"end":{"line":16,"column":9}},"9":{"start":{"line":15,"column":12},"end":{"line":15,"column":24}}},"fnMap":{"0":{"name":"filterUsers","decl":{"start":{"line":1,"column":16},"end":{"line":1,"column":27}},"loc":{"start":{"line":1,"column":69},"end":{"line":18,"column":1}},"line":1}},"branchMap":{"0":{"loc":{"start":{"line":3,"column":4},"end":{"line":17,"column":5}},"type":"if","locations":[{"start":{"line":3,"column":4},"end":{"line":17,"column":5}},{"start":{"line":3,"column":4},"end":{"line":17,"column":5}}],"line":3},"1":{"loc":{"start":{"line":3,"column":7},"end":{"line":3,"column":20}},"type":"binary-expr","locations":[{"start":{"line":3,"column":7},"end":{"line":3,"column":12}},{"start":{"line":3,"column":16},"end":{"line":3,"column":20}}],"line":3},"2":{"loc":{"start":{"line":4,"column":8},"end":{"line":6,"column":9}},"type":"if","locations":[{"start":{"line":4,"column":8},"end":{"line":6,"column":9}},{"start":{"line":4,"column":8},"end":{"line":6,"column":9}}],"line":4},"3":{"loc":{"start":{"line":4,"column":11},"end":{"line":4,"column":107}},"type":"binary-expr","locations":[{"start":{"line":4,"column":11},"end":{"line":4,"column":58}},{"start":{"line":4,"column":62},"end":{"line":4,"column":107}}],"line":4},"4":{"loc":{"start":{"line":8,"column":9},"end":{"line":17,"column":5}},"type":"if","locations":[{"start":{"line":8,"column":9},"end":{"line":17,"column":5}},{"start":{"line":8,"column":9},"end":{"line":17,"column":5}}],"line":8},"5":{"loc":{"start":{"line":8,"column":12},"end":{"line":8,"column":26}},"type":"binary-expr","locations":[{"start":{"line":8,"column":12},"end":{"line":8,"column":17}},{"start":{"line":8,"column":21},"end":{"line":8,"column":26}}],"line":8},"6":{"loc":{"start":{"line":9,"column":8},"end":{"line":11,"column":9}},"type":"if","locations":[{"start":{"line":9,"column":8},"end":{"line":11,"column":9}},{"start":{"line":9,"column":8},"end":{"line":11,"column":9}}],"line":9},"7":{"loc":{"start":{"line":13,"column":9},"end":{"line":17,"column":5}},"type":"if","locations":[{"start":{"line":13,"column":9},"end":{"line":17,"column":5}},{"start":{"line":13,"column":9},"end":{"line":17,"column":5}}],"line":13},"8":{"loc":{"start":{"line":13,"column":12},"end":{"line":13,"column":26}},"type":"binary-expr","locations":[{"start":{"line":13,"column":12},"end":{"line":13,"column":18}},{"start":{"line":13,"column":22},"end":{"line":13,"column":26}}],"line":13},"9":{"loc":{"start":{"line":14,"column":8},"end":{"line":16,"column":9}},"type":"if","locations":[{"start":{"line":14,"column":8},"end":{"line":16,"column":9}},{"start":{"line":14,"column":8},"end":{"line":16,"column":9}}],"line":14}},"s":{"0":0,"1":0,"2":0,"3":0,"4":0,"5":0,"6":0,"7":0,"8":0,"9":0},"f":{"0":0},"b":{"0":[0,0],"1":[0,0],"2":[0,0],"3":[0,0],"4":[0,0],"5":[0,0],"6":[0,0],"7":[0,0],"8":[0,0],"9":[0,0]},"_coverageSchema":"43e27e138ebf9cfc5966b082cf9a028302ed4184","hash":"5a80c61df1bbb62ef5315476746453655e469c70"}
,"/Users/marziehbahri/Documents/personal/webProjects/addressbook/src/ts/utils/httpClient.ts": {"path":"/Users/marziehbahri/Documents/personal/webProjects/addressbook/src/ts/utils/httpClient.ts","statementMap":{"0":{"start":{"line":24,"column":45},"end":{"line":24,"column":51}},"1":{"start":{"line":25,"column":2},"end":{"line":34,"column":3}},"2":{"start":{"line":26,"column":4},"end":{"line":26,"column":63}},"3":{"start":{"line":28,"column":17},"end":{"line":28,"column":37}},"4":{"start":{"line":30,"column":4},"end":{"line":33,"column":5}},"5":{"start":{"line":31,"column":19},"end":{"line":31,"column":26}},"6":{"start":{"line":32,"column":6},"end":{"line":32,"column":48}},"7":{"start":{"line":50,"column":40},"end":{"line":50,"column":46}},"8":{"start":{"line":51,"column":2},"end":{"line":82,"column":5}},"9":{"start":{"line":52,"column":4},"end":{"line":55,"column":5}},"10":{"start":{"line":53,"column":6},"end":{"line":53,"column":47}},"11":{"start":{"line":54,"column":6},"end":{"line":54,"column":13}},"12":{"start":{"line":57,"column":14},"end":{"line":57,"column":34}},"13":{"start":{"line":58,"column":4},"end":{"line":58,"column":32}},"14":{"start":{"line":60,"column":4},"end":{"line":60,"column":37}},"15":{"start":{"line":62,"column":4},"end":{"line":80,"column":6}},"16":{"start":{"line":63,"column":6},"end":{"line":79,"column":7}},"17":{"start":{"line":66,"column":10},"end":{"line":68,"column":11}},"18":{"start":{"line":67,"column":12},"end":{"line":67,"column":43}},"19":{"start":{"line":69,"column":10},"end":{"line":69,"column":23}},"20":{"start":{"line":70,"column":10},"end":{"line":70,"column":16}},"21":{"start":{"line":73,"column":10},"end":{"line":73,"column":41}},"22":{"start":{"line":74,"column":10},"end":{"line":74,"column":16}},"23":{"start":{"line":76,"column":22},"end":{"line":76,"column":46}},"24":{"start":{"line":77,"column":10},"end":{"line":77,"column":48}},"25":{"start":{"line":78,"column":10},"end":{"line":78,"column":16}},"26":{"start":{"line":81,"column":4},"end":{"line":81,"column":54}}},"fnMap":{"0":{"name":"setUpRequestHeaders","decl":{"start":{"line":23,"column":9},"end":{"line":23,"column":28}},"loc":{"start":{"line":23,"column":70},"end":{"line":35,"column":1}},"line":23},"1":{"name":"httpClient","decl":{"start":{"line":49,"column":22},"end":{"line":49,"column":32}},"loc":{"start":{"line":49,"column":53},"end":{"line":83,"column":1}},"line":49},"2":{"name":"(anonymous_2)","decl":{"start":{"line":51,"column":21},"end":{"line":51,"column":22}},"loc":{"start":{"line":51,"column":42},"end":{"line":82,"column":3}},"line":51},"3":{"name":"(anonymous_3)","decl":{"start":{"line":62,"column":17},"end":{"line":62,"column":18}},"loc":{"start":{"line":62,"column":23},"end":{"line":80,"column":5}},"line":62}},"branchMap":{"0":{"loc":{"start":{"line":24,"column":10},"end":{"line":24,"column":26}},"type":"default-arg","locations":[{"start":{"line":24,"column":22},"end":{"line":24,"column":26}}],"line":24},"1":{"loc":{"start":{"line":24,"column":28},"end":{"line":24,"column":40}},"type":"default-arg","locations":[{"start":{"line":24,"column":38},"end":{"line":24,"column":40}}],"line":24},"2":{"loc":{"start":{"line":25,"column":2},"end":{"line":34,"column":3}},"type":"if","locations":[{"start":{"line":25,"column":2},"end":{"line":34,"column":3}},{"start":{"line":25,"column":2},"end":{"line":34,"column":3}}],"line":25},"3":{"loc":{"start":{"line":50,"column":10},"end":{"line":50,"column":24}},"type":"default-arg","locations":[{"start":{"line":50,"column":19},"end":{"line":50,"column":24}}],"line":50},"4":{"loc":{"start":{"line":52,"column":4},"end":{"line":55,"column":5}},"type":"if","locations":[{"start":{"line":52,"column":4},"end":{"line":55,"column":5}},{"start":{"line":52,"column":4},"end":{"line":55,"column":5}}],"line":52},"5":{"loc":{"start":{"line":63,"column":6},"end":{"line":79,"column":7}},"type":"switch","locations":[{"start":{"line":64,"column":8},"end":{"line":70,"column":16}},{"start":{"line":72,"column":8},"end":{"line":74,"column":16}},{"start":{"line":75,"column":8},"end":{"line":78,"column":16}}],"line":63},"6":{"loc":{"start":{"line":66,"column":10},"end":{"line":68,"column":11}},"type":"if","locations":[{"start":{"line":66,"column":10},"end":{"line":68,"column":11}},{"start":{"line":66,"column":10},"end":{"line":68,"column":11}}],"line":66},"7":{"loc":{"start":{"line":81,"column":4},"end":{"line":81,"column":53}},"type":"cond-expr","locations":[{"start":{"line":81,"column":26},"end":{"line":81,"column":40}},{"start":{"line":81,"column":43},"end":{"line":81,"column":53}}],"line":81},"8":{"loc":{"start":{"line":81,"column":4},"end":{"line":81,"column":23}},"type":"binary-expr","locations":[{"start":{"line":81,"column":4},"end":{"line":81,"column":8}},{"start":{"line":81,"column":12},"end":{"line":81,"column":23}}],"line":81}},"s":{"0":0,"1":0,"2":0,"3":0,"4":0,"5":0,"6":0,"7":0,"8":0,"9":0,"10":0,"11":0,"12":0,"13":0,"14":0,"15":0,"16":0,"17":0,"18":0,"19":0,"20":0,"21":0,"22":0,"23":0,"24":0,"25":0,"26":0},"f":{"0":0,"1":0,"2":0,"3":0},"b":{"0":[0],"1":[0],"2":[0,0],"3":[0],"4":[0,0],"5":[0,0,0],"6":[0,0],"7":[0,0],"8":[0,0]},"_coverageSchema":"43e27e138ebf9cfc5966b082cf9a028302ed4184","hash":"33dbd2b3c46684555c988e6f59ba5cd0ff63b1f7"}
}
