TN:
SF:/Users/marziehbahri/Documents/personal/webProjects/addressbook/mock/index.ts
FN:6,mockStore
FN:27,mockUser
FNF:2
FNH:2
FNDA:9,mockStore
FNDA:4,mockUser
DA:7,9
DA:8,9
DA:9,9
DA:11,9
DA:23,9
DA:24,9
DA:28,4
LF:7
LH:7
BRF:0
BRH:0
end_of_record
TN:
SF:/Users/marziehbahri/Documents/personal/webProjects/addressbook/src/ts/components/Details/index.tsx
FN:6,(anonymous_0)
FN:7,(anonymous_1)
FNF:2
FNH:1
FNDA:2,(anonymous_0)
FNDA:0,(anonymous_1)
DA:6,4
DA:7,2
DA:8,0
DA:9,0
DA:12,2
LF:5
LH:3
BRDA:8,0,0,0
BRDA:8,0,1,0
BRDA:35,1,0,2
BRDA:35,1,1,0
BRF:4
BRH:1
end_of_record
TN:
SF:/Users/marziehbahri/Documents/personal/webProjects/addressbook/src/ts/components/Loading/index.tsx
FN:3,(anonymous_0)
FNF:1
FNH:1
FNDA:1,(anonymous_0)
DA:3,3
DA:4,1
LF:2
LH:2
BRF:0
BRH:0
end_of_record
TN:
SF:/Users/marziehbahri/Documents/personal/webProjects/addressbook/src/ts/components/NationalitySettings/index.tsx
FN:5,(anonymous_0)
FNF:1
FNH:1
FNDA:6,(anonymous_0)
DA:5,2
DA:11,6
DA:13,6
LF:3
LH:3
BRDA:24,0,0,6
BRDA:24,0,1,1
BRF:2
BRH:2
end_of_record
TN:
SF:/Users/marziehbahri/Documents/personal/webProjects/addressbook/src/ts/components/NationalitySettings/useNationalitySettings.ts
FN:7,(anonymous_0)
FN:11,(anonymous_1)
FN:16,(anonymous_2)
FN:19,(anonymous_3)
FNF:4
FNH:4
FNDA:6,(anonymous_0)
FNDA:12,(anonymous_1)
FNDA:1,(anonymous_2)
FNDA:1,(anonymous_3)
DA:7,2
DA:8,6
DA:9,6
DA:11,12
DA:13,6
DA:14,6
DA:16,6
DA:17,1
DA:19,6
DA:20,1
DA:21,1
DA:22,1
DA:23,1
DA:24,1
DA:25,1
DA:27,6
LF:16
LH:16
BRF:0
BRH:0
end_of_record
TN:
SF:/Users/marziehbahri/Documents/personal/webProjects/addressbook/src/ts/components/Search/index.tsx
FN:5,(anonymous_0)
FNF:1
FNH:1
FNDA:1,(anonymous_0)
DA:5,2
DA:13,1
DA:15,1
LF:3
LH:3
BRDA:16,0,0,0
BRDA:16,0,1,1
BRF:2
BRH:1
end_of_record
TN:
SF:/Users/marziehbahri/Documents/personal/webProjects/addressbook/src/ts/components/Search/useSearch.ts
FN:6,(anonymous_0)
FN:11,(anonymous_1)
FN:21,(anonymous_2)
FN:28,(anonymous_3)
FN:35,(anonymous_4)
FN:42,(anonymous_5)
FN:44,(anonymous_6)
FNF:7
FNH:1
FNDA:1,(anonymous_0)
FNDA:0,(anonymous_1)
FNDA:0,(anonymous_2)
FNDA:0,(anonymous_3)
FNDA:0,(anonymous_4)
FNDA:0,(anonymous_5)
FNDA:0,(anonymous_6)
DA:6,2
DA:7,1
DA:8,1
DA:9,1
DA:10,1
DA:11,1
DA:12,0
DA:13,0
DA:21,1
DA:22,0
DA:24,0
DA:26,0
DA:28,1
DA:29,0
DA:31,0
DA:33,0
DA:35,1
DA:36,0
DA:37,0
DA:39,0
DA:42,1
DA:43,0
DA:44,0
DA:45,0
DA:49,1
LF:25
LH:11
BRDA:22,0,0,0
BRDA:22,0,1,0
BRDA:22,1,0,0
BRDA:22,1,1,0
BRDA:29,2,0,0
BRDA:29,2,1,0
BRDA:29,3,0,0
BRDA:29,3,1,0
BRDA:36,4,0,0
BRDA:36,4,1,0
BRF:10
BRH:0
end_of_record
TN:
SF:/Users/marziehbahri/Documents/personal/webProjects/addressbook/src/ts/components/User/index.tsx
FN:5,(anonymous_0)
FN:7,(anonymous_1)
FN:27,(anonymous_2)
FNF:3
FNH:2
FNDA:2,(anonymous_0)
FNDA:1,(anonymous_1)
FNDA:0,(anonymous_2)
DA:5,3
DA:6,2
DA:7,2
DA:8,1
DA:11,2
DA:27,0
LF:6
LH:5
BRDA:26,0,0,2
BRDA:26,0,1,1
BRF:2
BRH:2
end_of_record
TN:
SF:/Users/marziehbahri/Documents/personal/webProjects/addressbook/src/ts/components/UsersList/index.tsx
FN:7,(anonymous_0)
FN:11,(anonymous_1)
FNF:2
FNH:1
FNDA:1,(anonymous_0)
FNDA:0,(anonymous_1)
DA:7,2
DA:8,1
DA:9,1
DA:12,0
LF:4
LH:3
BRDA:14,0,0,1
BRDA:14,0,1,0
BRF:2
BRH:1
end_of_record
TN:
SF:/Users/marziehbahri/Documents/personal/webProjects/addressbook/src/ts/components/UsersList/useUsersList.ts
FN:7,(anonymous_0)
FN:9,(anonymous_1)
FN:11,(anonymous_2)
FN:14,(anonymous_3)
FN:18,(anonymous_4)
FN:22,(anonymous_5)
FN:25,(anonymous_6)
FN:27,(anonymous_7)
FN:33,(anonymous_8)
FN:47,(anonymous_9)
FN:52,(anonymous_10)
FN:57,(anonymous_11)
FNF:12
FNH:7
FNDA:1,(anonymous_0)
FNDA:2,(anonymous_1)
FNDA:2,(anonymous_2)
FNDA:2,(anonymous_3)
FNDA:2,(anonymous_4)
FNDA:2,(anonymous_5)
FNDA:1,(anonymous_6)
FNDA:0,(anonymous_7)
FNDA:0,(anonymous_8)
FNDA:0,(anonymous_9)
FNDA:0,(anonymous_10)
FNDA:0,(anonymous_11)
DA:7,2
DA:8,1
DA:9,2
DA:11,2
DA:13,1
DA:14,2
DA:17,1
DA:18,2
DA:21,1
DA:22,2
DA:25,1
DA:26,1
DA:27,0
DA:28,0
DA:30,1
DA:33,1
DA:34,0
DA:35,0
DA:36,0
DA:40,0
DA:41,0
DA:43,0
DA:47,1
DA:51,0
DA:52,0
DA:53,0
DA:57,1
DA:58,0
DA:66,1
LF:29
LH:17
BRDA:26,0,0,0
BRDA:26,0,1,1
BRDA:28,1,0,0
BRDA:28,1,1,0
BRDA:35,2,0,0
BRDA:35,2,1,0
BRDA:35,3,0,0
BRDA:35,3,1,0
BRDA:35,3,2,0
BRDA:40,4,0,0
BRDA:40,4,1,0
BRF:11
BRH:1
end_of_record
TN:
SF:/Users/marziehbahri/Documents/personal/webProjects/addressbook/src/ts/pages/Homepage/index.tsx
FN:5,HomePage
FNF:1
FNH:1
FNDA:1,HomePage
DA:6,1
LF:1
LH:1
BRF:0
BRH:0
end_of_record
TN:
SF:/Users/marziehbahri/Documents/personal/webProjects/addressbook/src/ts/pages/Settings/index.tsx
FN:3,Settings
FNF:1
FNH:1
FNDA:1,Settings
DA:4,1
LF:1
LH:1
BRF:0
BRH:0
end_of_record
TN:
SF:/Users/marziehbahri/Documents/personal/webProjects/addressbook/src/ts/store/enums.ts
FNF:0
FNH:0
LF:0
LH:0
BRF:0
BRH:0
end_of_record
TN:
SF:/Users/marziehbahri/Documents/personal/webProjects/addressbook/src/ts/store/actions/emptyUsersListAction.ts
FN:3,emptyUsersListAction
FNF:1
FNH:1
FNDA:3,emptyUsersListAction
DA:4,3
LF:1
LH:1
BRF:0
BRH:0
end_of_record
TN:
SF:/Users/marziehbahri/Documents/personal/webProjects/addressbook/src/ts/store/actions/findUserAction.ts
FN:3,findUserAction
FNF:1
FNH:1
FNDA:2,findUserAction
DA:4,2
LF:1
LH:1
BRF:0
BRH:0
end_of_record
TN:
SF:/Users/marziehbahri/Documents/personal/webProjects/addressbook/src/ts/store/actions/getUsersAction.ts
FN:3,getUsersAction
FNF:1
FNH:1
FNDA:1,getUsersAction
DA:4,1
LF:1
LH:1
BRF:0
BRH:0
end_of_record
TN:
SF:/Users/marziehbahri/Documents/personal/webProjects/addressbook/src/ts/store/actions/resetListAction.ts
FN:3,resetListAction
FNF:1
FNH:1
FNDA:2,resetListAction
DA:4,2
LF:1
LH:1
BRF:0
BRH:0
end_of_record
TN:
SF:/Users/marziehbahri/Documents/personal/webProjects/addressbook/src/ts/store/actions/setNationalityAction.ts
FN:3,setNationalityAction
FNF:1
FNH:1
FNDA:3,setNationalityAction
DA:4,3
LF:1
LH:1
BRF:0
BRH:0
end_of_record
TN:
SF:/Users/marziehbahri/Documents/personal/webProjects/addressbook/src/ts/store/actions/usersReceivedAction.ts
FN:3,usersReceivedAction
FNF:1
FNH:1
FNDA:3,usersReceivedAction
DA:4,3
LF:1
LH:1
BRF:0
BRH:0
end_of_record
TN:
SF:/Users/marziehbahri/Documents/personal/webProjects/addressbook/src/ts/store/reducers/loadingReducer.ts
FN:3,loadingReducer
FNF:1
FNH:1
FNDA:1,loadingReducer
DA:4,1
LF:1
LH:1
BRDA:3,0,0,0
BRF:1
BRH:0
end_of_record
TN:
SF:/Users/marziehbahri/Documents/personal/webProjects/addressbook/src/ts/store/reducers/nationalityReducer.ts
FN:3,nationalityReducer
FNF:1
FNH:1
FNDA:1,nationalityReducer
DA:7,1
DA:8,1
DA:10,0
LF:3
LH:2
BRDA:4,0,0,0
BRDA:4,1,0,0
BRDA:4,1,1,0
BRDA:7,2,0,1
BRDA:7,2,1,0
BRF:5
BRH:1
end_of_record
TN:
SF:/Users/marziehbahri/Documents/personal/webProjects/addressbook/src/ts/store/reducers/paginationReducer.ts
FN:8,paginationReducer
FNF:1
FNH:1
FNDA:1,paginationReducer
DA:3,1
DA:12,1
DA:13,1
DA:14,1
DA:23,0
LF:5
LH:4
BRDA:9,0,0,0
BRDA:12,1,0,1
BRDA:12,1,1,0
BRDA:17,2,0,1
BRDA:17,2,1,0
BRF:5
BRH:2
end_of_record
TN:
SF:/Users/marziehbahri/Documents/personal/webProjects/addressbook/src/ts/store/reducers/searchReducer.ts
FN:6,searchReducer
FNF:1
FNH:1
FNDA:1,searchReducer
DA:3,2
DA:10,1
DA:11,1
DA:16,0
LF:4
LH:3
BRDA:7,0,0,0
BRDA:10,1,0,1
BRDA:10,1,1,0
BRF:3
BRH:1
end_of_record
TN:
SF:/Users/marziehbahri/Documents/personal/webProjects/addressbook/src/ts/store/reducers/usersReducer.ts
FN:5,usersReducer
FNF:1
FNH:1
FNDA:2,usersReducer
DA:3,1
DA:9,2
DA:11,1
DA:12,1
DA:14,1
DA:16,0
LF:6
LH:5
BRDA:6,0,0,0
BRDA:9,1,0,1
BRDA:9,1,1,1
BRDA:9,1,2,0
BRF:4
BRH:2
end_of_record
TN:
SF:/Users/marziehbahri/Documents/personal/webProjects/addressbook/src/ts/store/saga/getUsersSaga.ts
FN:8,getUsers
FN:36,getUsersWatcher
FNF:2
FNH:1
FNDA:0,getUsers
FNDA:10,getUsersWatcher
DA:6,10
DA:9,0
DA:12,0
DA:16,0
DA:21,0
DA:31,0
DA:32,0
DA:37,10
LF:8
LH:2
BRDA:10,0,0,0
BRDA:10,0,1,0
BRDA:11,1,0,0
BRDA:11,1,1,0
BRF:4
BRH:0
end_of_record
TN:
SF:/Users/marziehbahri/Documents/personal/webProjects/addressbook/src/ts/store/saga/index.ts
FN:3,rootSaga
FNF:1
FNH:1
FNDA:9,rootSaga
DA:4,9
LF:1
LH:1
BRF:0
BRH:0
end_of_record
TN:
SF:/Users/marziehbahri/Documents/personal/webProjects/addressbook/src/ts/utils/checkScrollIsAtBottom.ts
FN:1,checkScrollIsAtBottom
FNF:1
FNH:0
FNDA:0,checkScrollIsAtBottom
DA:2,0
DA:4,0
DA:8,0
DA:11,0
LF:4
LH:0
BRDA:4,0,0,0
BRDA:4,0,1,0
BRDA:4,0,2,0
BRDA:8,1,0,0
BRDA:8,1,1,0
BRDA:8,1,2,0
BRF:6
BRH:0
end_of_record
TN:
SF:/Users/marziehbahri/Documents/personal/webProjects/addressbook/src/ts/utils/filterUsers.ts
FN:1,filterUsers
FNF:1
FNH:0
FNDA:0,filterUsers
DA:2,0
DA:3,0
DA:4,0
DA:8,0
DA:10,0
DA:11,0
DA:12,0
DA:14,0
DA:15,0
DA:16,0
LF:10
LH:0
BRDA:3,0,0,0
BRDA:3,0,1,0
BRDA:3,1,0,0
BRDA:3,1,1,0
BRDA:4,2,0,0
BRDA:4,2,1,0
BRDA:5,3,0,0
BRDA:5,3,1,0
BRDA:10,4,0,0
BRDA:10,4,1,0
BRDA:10,5,0,0
BRDA:10,5,1,0
BRDA:11,6,0,0
BRDA:11,6,1,0
BRDA:14,7,0,0
BRDA:14,7,1,0
BRDA:14,8,0,0
BRDA:14,8,1,0
BRDA:15,9,0,0
BRDA:15,9,1,0
BRF:20
BRH:0
end_of_record
TN:
SF:/Users/marziehbahri/Documents/personal/webProjects/addressbook/src/ts/utils/httpClient.ts
FN:23,setUpRequestHeaders
FN:49,httpClient
FN:51,(anonymous_2)
FN:62,(anonymous_3)
FNF:4
FNH:1
FNDA:1,setUpRequestHeaders
FNDA:0,httpClient
FNDA:0,(anonymous_2)
FNDA:0,(anonymous_3)
DA:24,1
DA:25,1
DA:26,1
DA:28,1
DA:30,1
DA:31,1
DA:32,1
DA:50,0
DA:51,0
DA:52,0
DA:53,0
DA:54,0
DA:57,0
DA:58,0
DA:60,0
DA:62,0
DA:63,0
DA:66,0
DA:67,0
DA:69,0
DA:70,0
DA:73,0
DA:74,0
DA:76,0
DA:77,0
DA:78,0
DA:81,0
LF:27
LH:7
BRDA:24,0,0,0
BRDA:24,1,0,0
BRDA:25,2,0,1
BRDA:25,2,1,0
BRDA:50,3,0,0
BRDA:52,4,0,0
BRDA:52,4,1,0
BRDA:63,5,0,0
BRDA:63,5,1,0
BRDA:63,5,2,0
BRDA:66,6,0,0
BRDA:66,6,1,0
BRDA:81,7,0,0
BRDA:81,7,1,0
BRDA:81,8,0,0
BRDA:81,8,1,0
BRF:16
BRH:1
end_of_record
